<?xml version="1.0" encoding="UTF-8"?>
<testsuite xmlns:xsi="http://www.w3.org/2001/XMLSchema-instance" xsi:noNamespaceSchemaLocation="https://maven.apache.org/surefire/maven-surefire-plugin/xsd/surefire-test-report-3.0.xsd" version="3.0" name="TestSuite" time="12.736" tests="4" errors="0" skipped="0" failures="0">
  <properties>
[...]
</properties>
  <testcase name="runScenario[&quot;Check login is successful with valid creds&quot;, &quot;Login page Automation of saucedemo App&quot;](1)" classname="TestRunner.CucumberTestRunner" time="12.207">
    <system-out><![CDATA[
Scenario Outline: Check login is successful with valid creds &amp#27;[90m# src/test/resources/Featuress/loginss.feature:13&amp#27;[0m
  &amp#27;[32mGiven &amp#27;[0m&amp#27;[32mUser is on login page&amp#27;[0m                                &amp#27;[90m# StepDefinitionss.PageFactoryLoginStepsDefinition2.user_is_on_login_page()&amp#27;[0m
  &amp#27;[32mWhen &amp#27;[0m&amp#27;[32mUser enters valid &amp#27;[0m&amp#27;[32m&amp#27;[1m"standard_user"&amp#27;[0m&amp#27;[32m and &amp#27;[0m&amp#27;[32m&amp#27;[1m"secret_sauce"&amp#27;[0m  &amp#27;[90m# StepDefinitionss.PageFactoryLoginStepsDefinition2.user_enters_valid_and(java.lang.String,java.lang.String)&amp#27;[0m
  &amp#27;[32mAnd &amp#27;[0m&amp#27;[32mClicks on Login Button&amp#27;[0m                                 &amp#27;[90m# StepDefinitionss.PageFactoryLoginStepsDefinition2.clicks_on_login_button()&amp#27;[0m
  &amp#27;[32mThen &amp#27;[0m&amp#27;[32mUser is navigated to Home Page&amp#27;[0m                        &amp#27;[90m# StepDefinitionss.PageFactoryLoginStepsDefinition2.user_is_navigated_to_home_page()&amp#27;[0m
  &amp#27;[32mAnd &amp#27;[0m&amp#27;[32mClose the browser&amp#27;[0m                                      &amp#27;[90m# StepDefinitionss.PageFactoryLoginStepsDefinition2.close_the_browser()&amp#27;[0m
]]></system-out>
    <system-err><![CDATA[SLF4J: Failed to load class "org.slf4j.impl.StaticLoggerBinder".
SLF4J: Defaulting to no-operation (NOP) logger implementation
SLF4J: See http://www.slf4j.org/codes.html#StaticLoggerBinder for further details.
]]></system-err>
  </testcase>
  <testcase name="runScenario[&quot;Scenario 1 from test1 feature&quot;, &quot;Title of test1 feature&quot;](1)" classname="TestRunner.CucumberTestRunnerForTags" time="0.001">
    <system-out><![CDATA[
@smoke
Scenario: Scenario 1 from test1 feature &amp#27;[90m# src/test/resources/FeatureWithTags/test1.feature:3&amp#27;[0m
]]></system-out>
  </testcase>
  <testcase name="runScenario[&quot;Scenario 2 from test2 feature&quot;, &quot;Title of test2 feature&quot;](2)" classname="TestRunner.CucumberTestRunnerForTags" time="0.002">
    <system-out><![CDATA[
@smoke
Scenario: Scenario 2 from test2 feature &amp#27;[90m# src/test/resources/FeatureWithTags/test2.feature:7&amp#27;[0m
]]></system-out>
  </testcase>
  <testcase name="runScenario[&quot;Scenario 3 from test3 feature&quot;, &quot;Title of test3 feature&quot;](3)" classname="TestRunner.CucumberTestRunnerForTags" time="0.002">
    <system-out><![CDATA[
@smoke
Scenario: Scenario 3 from test3 feature &amp#27;[90m# src/test/resources/FeatureWithTags/test3.feature:11&amp#27;[0m
]]></system-out>
  </testcase>
</testsuite>